<?xml version="1.0" encoding="UTF-8"?>
<!-- Generated by org.testng.reporters.JUnitXMLReporter -->
<testsuite hostname="TAOBAO-E401950E" name="TestNgClone" tests="2" failures="1" timestamp="13 Mar 2013 08:15:30 GMT" time="14.968" errors="0">
  <testcase name="doTest" time="6.515" classname="com.netease.demo.TestNgClone"/>
  <testcase name="doTest" time="5.297" classname="com.netease.demo.TestNgClone">
    <failure type="java.lang.AssertionError" message="Failed to click //input[@name=&amp;apos;btnK&amp;apos;] &amp;gt;&amp;gt; capture screenshot at screenshot\20130313-161529.png">
      <![CDATA[java.lang.AssertionError: Failed to click //input[@name='btnK'] >> capture screenshot at screenshot\20130313-161529.png
	at org.testng.Assert.fail(Assert.java:94)
	at com.netease.dagger.BrowserEmulator.handleFailure(BrowserEmulator.java:442)
	at com.netease.dagger.BrowserEmulator.click(BrowserEmulator.java:155)
	at com.netease.demo.TestNgClone.doTest(TestNgClone.java:41)
	at sun.reflect.NativeMethodAccessorImpl.invoke0(Native Method)
	at sun.reflect.NativeMethodAccessorImpl.invoke(NativeMethodAccessorImpl.java:39)
	at sun.reflect.DelegatingMethodAccessorImpl.invoke(DelegatingMethodAccessorImpl.java:25)
	at java.lang.reflect.Method.invoke(Method.java:597)
	at org.testng.internal.MethodInvocationHelper.invokeMethod(MethodInvocationHelper.java:80)
	at org.testng.internal.InvokeMethodRunnable.runOne(InvokeMethodRunnable.java:46)
	at org.testng.internal.InvokeMethodRunnable.run(InvokeMethodRunnable.java:37)
	at org.testng.internal.MethodInvocationHelper.invokeWithTimeoutWithNoExecutor(MethodInvocationHelper.java:222)
	at org.testng.internal.MethodInvocationHelper.invokeWithTimeout(MethodInvocationHelper.java:211)
	at org.testng.internal.Invoker.invokeMethod(Invoker.java:724)
	at org.testng.internal.Invoker.invokeTestMethod(Invoker.java:901)
	at org.testng.internal.Invoker.invokeTestMethods(Invoker.java:1231)
	at org.testng.internal.TestMethodWorker.invokeTestMethods(TestMethodWorker.java:128)
	at org.testng.internal.TestMethodWorker.run(TestMethodWorker.java:111)
	at org.testng.TestRunner.privateRun(TestRunner.java:767)
	at org.testng.TestRunner.run(TestRunner.java:617)
	at org.testng.SuiteRunner.runTest(SuiteRunner.java:334)
	at org.testng.SuiteRunner.access$0(SuiteRunner.java:333)
	at org.testng.SuiteRunner$SuiteWorker.run(SuiteRunner.java:368)
	at org.testng.internal.thread.ThreadUtil$2.call(ThreadUtil.java:64)
	at java.util.concurrent.FutureTask$Sync.innerRun(FutureTask.java:303)
	at java.util.concurrent.FutureTask.run(FutureTask.java:138)
	at java.util.concurrent.ThreadPoolExecutor$Worker.runTask(ThreadPoolExecutor.java:886)
	at java.util.concurrent.ThreadPoolExecutor$Worker.run(ThreadPoolExecutor.java:908)
	at java.lang.Thread.run(Thread.java:619)
]]>
    </failure>
  </testcase> <!-- doTest -->
</testsuite> <!-- TestNgClone -->
